C:\WORKSPACE\AV\CLOUDDOCS\LIB\LIBCURL\ZLIB\CONTRIB\VSTUDIO\VC10\X86\ZLIBSTATDEBUG\TMP\ADLER32.OBJ
C:\WORKSPACE\AV\CLOUDDOCS\LIB\LIBCURL\ZLIB\CONTRIB\VSTUDIO\VC10\X86\ZLIBSTATDEBUG\TMP\COMPRESS.OBJ
C:\WORKSPACE\AV\CLOUDDOCS\LIB\LIBCURL\ZLIB\CONTRIB\VSTUDIO\VC10\X86\ZLIBSTATDEBUG\TMP\CRC32.OBJ
C:\WORKSPACE\AV\CLOUDDOCS\LIB\LIBCURL\ZLIB\CONTRIB\VSTUDIO\VC10\X86\ZLIBSTATDEBUG\TMP\DEFLATE.OBJ
C:\WORKSPACE\AV\CLOUDDOCS\LIB\LIBCURL\ZLIB\CONTRIB\VSTUDIO\VC10\X86\ZLIBSTATDEBUG\TMP\GZCLOSE.OBJ
C:\WORKSPACE\AV\CLOUDDOCS\LIB\LIBCURL\ZLIB\CONTRIB\VSTUDIO\VC10\X86\ZLIBSTATDEBUG\TMP\GZLIB.OBJ
C:\WORKSPACE\AV\CLOUDDOCS\LIB\LIBCURL\ZLIB\CONTRIB\VSTUDIO\VC10\X86\ZLIBSTATDEBUG\TMP\GZREAD.OBJ
C:\WORKSPACE\AV\CLOUDDOCS\LIB\LIBCURL\ZLIB\CONTRIB\VSTUDIO\VC10\X86\ZLIBSTATDEBUG\TMP\GZWRITE.OBJ
C:\WORKSPACE\AV\CLOUDDOCS\LIB\LIBCURL\ZLIB\CONTRIB\VSTUDIO\VC10\X86\ZLIBSTATDEBUG\TMP\INFBACK.OBJ
C:\WORKSPACE\AV\CLOUDDOCS\LIB\LIBCURL\ZLIB\CONTRIB\VSTUDIO\VC10\X86\ZLIBSTATDEBUG\TMP\INFFAST.OBJ
C:\WORKSPACE\AV\CLOUDDOCS\LIB\LIBCURL\ZLIB\CONTRIB\VSTUDIO\VC10\X86\ZLIBSTATDEBUG\TMP\INFLATE.OBJ
C:\WORKSPACE\AV\CLOUDDOCS\LIB\LIBCURL\ZLIB\CONTRIB\VSTUDIO\VC10\X86\ZLIBSTATDEBUG\TMP\INFTREES.OBJ
C:\WORKSPACE\AV\CLOUDDOCS\LIB\LIBCURL\ZLIB\CONTRIB\VSTUDIO\VC10\X86\ZLIBSTATDEBUG\TMP\IOAPI.OBJ
C:\WORKSPACE\AV\CLOUDDOCS\LIB\LIBCURL\ZLIB\CONTRIB\VSTUDIO\VC10\X86\ZLIBSTATDEBUG\TMP\TREES.OBJ
C:\WORKSPACE\AV\CLOUDDOCS\LIB\LIBCURL\ZLIB\CONTRIB\VSTUDIO\VC10\X86\ZLIBSTATDEBUG\TMP\UNCOMPR.OBJ
C:\WORKSPACE\AV\CLOUDDOCS\LIB\LIBCURL\ZLIB\CONTRIB\VSTUDIO\VC10\X86\ZLIBSTATDEBUG\TMP\UNZIP.OBJ
C:\WORKSPACE\AV\CLOUDDOCS\LIB\LIBCURL\ZLIB\CONTRIB\VSTUDIO\VC10\X86\ZLIBSTATDEBUG\TMP\ZIP.OBJ
C:\WORKSPACE\AV\CLOUDDOCS\LIB\LIBCURL\ZLIB\CONTRIB\VSTUDIO\VC10\X86\ZLIBSTATDEBUG\TMP\ZUTIL.OBJ
C:\WORKSPACE\AV\CLOUDDOCS\LIB\LIBCURL\ZLIB\CONTRIB\VSTUDIO\VC10\X86\ZLIBSTATDEBUG\ZLIBSTAT.LIB
C:\WORKSPACE\AV\CLOUDDOCS\LIB\LIBCURL\ZLIB\CONTRIB\VSTUDIO\VC10\ZLIB.RES
E:\libcurl\libcurl\zlib\contrib\vstudio\vc10\x86\ZlibStatDebug\Tmp\adler32.obj
E:\libcurl\libcurl\zlib\contrib\vstudio\vc10\x86\ZlibStatDebug\Tmp\cl.command.1.tlog
E:\libcurl\libcurl\zlib\contrib\vstudio\vc10\x86\ZlibStatDebug\Tmp\CL.read.1.tlog
E:\libcurl\libcurl\zlib\contrib\vstudio\vc10\x86\ZlibStatDebug\Tmp\CL.write.1.tlog
E:\libcurl\libcurl\zlib\contrib\vstudio\vc10\x86\ZlibStatDebug\Tmp\compress.obj
E:\libcurl\libcurl\zlib\contrib\vstudio\vc10\x86\ZlibStatDebug\Tmp\crc32.obj
E:\libcurl\libcurl\zlib\contrib\vstudio\vc10\x86\ZlibStatDebug\Tmp\deflate.obj
E:\libcurl\libcurl\zlib\contrib\vstudio\vc10\x86\ZlibStatDebug\Tmp\gzclose.obj
E:\libcurl\libcurl\zlib\contrib\vstudio\vc10\x86\ZlibStatDebug\Tmp\gzlib.obj
E:\libcurl\libcurl\zlib\contrib\vstudio\vc10\x86\ZlibStatDebug\Tmp\gzread.obj
E:\libcurl\libcurl\zlib\contrib\vstudio\vc10\x86\ZlibStatDebug\Tmp\gzwrite.obj
E:\libcurl\libcurl\zlib\contrib\vstudio\vc10\x86\ZlibStatDebug\Tmp\infback.obj
E:\libcurl\libcurl\zlib\contrib\vstudio\vc10\x86\ZlibStatDebug\Tmp\inffast.obj
E:\libcurl\libcurl\zlib\contrib\vstudio\vc10\x86\ZlibStatDebug\Tmp\inflate.obj
E:\libcurl\libcurl\zlib\contrib\vstudio\vc10\x86\ZlibStatDebug\Tmp\inftrees.obj
E:\libcurl\libcurl\zlib\contrib\vstudio\vc10\x86\ZlibStatDebug\Tmp\ioapi.obj
E:\libcurl\libcurl\zlib\contrib\vstudio\vc10\x86\ZlibStatDebug\Tmp\lib.command.1.tlog
E:\libcurl\libcurl\zlib\contrib\vstudio\vc10\x86\ZlibStatDebug\Tmp\Lib-link.read.1.tlog
E:\libcurl\libcurl\zlib\contrib\vstudio\vc10\x86\ZlibStatDebug\Tmp\Lib-link.write.1.tlog
E:\libcurl\libcurl\zlib\contrib\vstudio\vc10\x86\ZlibStatDebug\Tmp\rc.command.1.tlog
E:\libcurl\libcurl\zlib\contrib\vstudio\vc10\x86\ZlibStatDebug\Tmp\rc.read.1.tlog
E:\libcurl\libcurl\zlib\contrib\vstudio\vc10\x86\ZlibStatDebug\Tmp\rc.write.1.tlog
E:\libcurl\libcurl\zlib\contrib\vstudio\vc10\x86\ZlibStatDebug\Tmp\trees.obj
E:\libcurl\libcurl\zlib\contrib\vstudio\vc10\x86\ZlibStatDebug\Tmp\uncompr.obj
E:\libcurl\libcurl\zlib\contrib\vstudio\vc10\x86\ZlibStatDebug\Tmp\unzip.obj
E:\libcurl\libcurl\zlib\contrib\vstudio\vc10\x86\ZlibStatDebug\Tmp\zip.obj
E:\libcurl\libcurl\zlib\contrib\vstudio\vc10\x86\ZlibStatDebug\Tmp\zutil.obj
E:\libcurl\libcurl\zlib\contrib\vstudio\vc10\x86\ZlibStatDebug\zlibstat.lib
